2023-05-14 19:46:44,489 p=2370 u=ec2-user n=ansible | [WARNING]:  * Failed to parse /home/ec2-user/inv.yml with auto plugin: We were unable to read either as JSON nor YAML, these are the
errors we got from each: JSON: Expecting value: line 1 column 2 (char 1)  Syntax Error while loading YAML.   did not find expected
<document start>  The error appears to be in '/home/ec2-user/inv.yml': line 3, column 1, but may be elsewhere in the file depending on
the exact syntax problem.  The offending line appears to be:   44.199.252.173 ^ here

2023-05-14 19:46:44,489 p=2370 u=ec2-user n=ansible | [WARNING]:  * Failed to parse /home/ec2-user/inv.yml with yaml plugin: We were unable to read either as JSON nor YAML, these are the
errors we got from each: JSON: Expecting value: line 1 column 2 (char 1)  Syntax Error while loading YAML.   did not find expected
<document start>  The error appears to be in '/home/ec2-user/inv.yml': line 3, column 1, but may be elsewhere in the file depending on
the exact syntax problem.  The offending line appears to be:   44.199.252.173 ^ here

2023-05-14 19:46:44,490 p=2370 u=ec2-user n=ansible | [WARNING]:  * Failed to parse /home/ec2-user/inv.yml with ini plugin: /home/ec2-user/inv.yml:9: Section [children:devqa] has unknown
type: devqa

2023-05-14 19:46:44,490 p=2370 u=ec2-user n=ansible | [WARNING]: Unable to parse /home/ec2-user/inv.yml as an inventory source

2023-05-14 19:46:44,490 p=2370 u=ec2-user n=ansible | [WARNING]: No inventory was parsed, only implicit localhost is available

2023-05-14 19:46:45,770 p=2370 u=ec2-user n=ansible | 44.199.252.173 | UNREACHABLE! => {
    "changed": false,
    "msg": "Failed to connect to the host via ssh: Warning: Permanently added '44.199.252.173' (ECDSA) to the list of known hosts.\r\nPermission denied (publickey,gssapi-keyex,gssapi-with-mic).",
    "unreachable": true
}
2023-05-14 19:48:20,160 p=2436 u=ec2-user n=ansible | [WARNING]:  * Failed to parse /home/ec2-user/inv.yml with auto plugin: We were unable to read either as JSON nor YAML, these are the
errors we got from each: JSON: Expecting value: line 1 column 2 (char 1)  Syntax Error while loading YAML.   did not find expected
<document start>  The error appears to be in '/home/ec2-user/inv.yml': line 3, column 1, but may be elsewhere in the file depending on
the exact syntax problem.  The offending line appears to be:   44.199.252.173 ^ here

2023-05-14 19:48:20,160 p=2436 u=ec2-user n=ansible | [WARNING]:  * Failed to parse /home/ec2-user/inv.yml with yaml plugin: We were unable to read either as JSON nor YAML, these are the
errors we got from each: JSON: Expecting value: line 1 column 2 (char 1)  Syntax Error while loading YAML.   did not find expected
<document start>  The error appears to be in '/home/ec2-user/inv.yml': line 3, column 1, but may be elsewhere in the file depending on
the exact syntax problem.  The offending line appears to be:   44.199.252.173 ^ here

2023-05-14 19:48:20,160 p=2436 u=ec2-user n=ansible | [WARNING]:  * Failed to parse /home/ec2-user/inv.yml with ini plugin: /home/ec2-user/inv.yml:9: Section [children:devqa] has unknown
type: devqa

2023-05-14 19:48:20,160 p=2436 u=ec2-user n=ansible | [WARNING]: Unable to parse /home/ec2-user/inv.yml as an inventory source

2023-05-14 19:48:20,160 p=2436 u=ec2-user n=ansible | [WARNING]: No inventory was parsed, only implicit localhost is available

2023-05-14 19:48:20,355 p=2436 u=ec2-user n=ansible | 44.199.252.173 | UNREACHABLE! => {
    "changed": false,
    "msg": "Failed to connect to the host via ssh: Permission denied (publickey,gssapi-keyex,gssapi-with-mic).",
    "unreachable": true
}
2023-05-14 19:58:23,436 p=2490 u=ec2-user n=ansible | [WARNING]:  * Failed to parse /home/ec2-user/inv.yml with auto plugin: We were unable to read either as JSON nor YAML, these are the
errors we got from each: JSON: Expecting value: line 1 column 2 (char 1)  Syntax Error while loading YAML.   did not find expected
<document start>  The error appears to be in '/home/ec2-user/inv.yml': line 3, column 1, but may be elsewhere in the file depending on
the exact syntax problem.  The offending line appears to be:   44.199.252.173 ^ here

2023-05-14 19:58:23,436 p=2490 u=ec2-user n=ansible | [WARNING]:  * Failed to parse /home/ec2-user/inv.yml with yaml plugin: We were unable to read either as JSON nor YAML, these are the
errors we got from each: JSON: Expecting value: line 1 column 2 (char 1)  Syntax Error while loading YAML.   did not find expected
<document start>  The error appears to be in '/home/ec2-user/inv.yml': line 3, column 1, but may be elsewhere in the file depending on
the exact syntax problem.  The offending line appears to be:   44.199.252.173 ^ here

2023-05-14 19:58:23,436 p=2490 u=ec2-user n=ansible | [WARNING]:  * Failed to parse /home/ec2-user/inv.yml with ini plugin: /home/ec2-user/inv.yml:9: Section [children:devqa] has unknown
type: devqa

2023-05-14 19:58:23,436 p=2490 u=ec2-user n=ansible | [WARNING]: Unable to parse /home/ec2-user/inv.yml as an inventory source

2023-05-14 19:58:23,437 p=2490 u=ec2-user n=ansible | [WARNING]: No inventory was parsed, only implicit localhost is available

2023-05-14 19:58:23,634 p=2490 u=ec2-user n=ansible | 44.199.252.173 | UNREACHABLE! => {
    "changed": false,
    "msg": "Failed to connect to the host via ssh: Permission denied (publickey,gssapi-keyex,gssapi-with-mic).",
    "unreachable": true
}
2023-05-14 20:00:13,367 p=2538 u=ec2-user n=ansible | 44.199.252.173 | SUCCESS => {
    "ansible_facts": {
        "discovered_interpreter_python": "/usr/bin/python"
    },
    "changed": false,
    "ping": "pong"
}
2023-05-14 20:00:28,827 p=2559 u=ec2-user n=ansible | [WARNING]: Could not match supplied host pattern, ignoring: allserver

2023-05-14 20:00:28,827 p=2559 u=ec2-user n=ansible | [WARNING]: No hosts matched, nothing to do

2023-05-14 20:03:08,525 p=2605 u=ec2-user n=ansible | 44.199.252.173 | SUCCESS => {
    "ansible_facts": {
        "discovered_interpreter_python": "/usr/bin/python"
    },
    "changed": false,
    "ping": "pong"
}
2023-05-14 20:05:49,342 p=2631 u=ec2-user n=ansible | 44.199.252.173 | SUCCESS => {
    "ansible_facts": {
        "discovered_interpreter_python": "/usr/bin/python"
    },
    "changed": false,
    "ping": "pong"
}
2023-05-14 20:06:12,534 p=2653 u=ec2-user n=ansible | [WARNING]: Could not match supplied host pattern, ignoring: vars

2023-05-14 20:06:13,288 p=2653 u=ec2-user n=ansible | 44.199.252.173 | SUCCESS => {
    "ansible_facts": {
        "discovered_interpreter_python": "/usr/bin/python"
    },
    "changed": false,
    "ping": "pong"
}
2023-05-14 20:06:13,299 p=2653 u=ec2-user n=ansible | 54.161.72.221 | SUCCESS => {
    "ansible_facts": {
        "discovered_interpreter_python": "/usr/bin/python"
    },
    "changed": false,
    "ping": "pong"
}
2023-05-14 20:06:32,661 p=2686 u=ec2-user n=ansible | 54.161.72.221 | SUCCESS => {
    "ansible_facts": {
        "discovered_interpreter_python": "/usr/bin/python"
    },
    "changed": false,
    "ping": "pong"
}
2023-05-14 20:06:32,676 p=2686 u=ec2-user n=ansible | 44.199.252.173 | SUCCESS => {
    "ansible_facts": {
        "discovered_interpreter_python": "/usr/bin/python"
    },
    "changed": false,
    "ping": "pong"
}
2023-05-14 20:16:32,952 p=2788 u=ec2-user n=ansible | 54.161.72.221 | SUCCESS => {
    "ansible_facts": {
        "discovered_interpreter_python": "/usr/bin/python"
    },
    "changed": false,
    "ping": "pong"
}
2023-05-14 20:17:59,490 p=2811 u=ec2-user n=ansible | [WARNING]: Could not match supplied host pattern, ignoring: webserver

2023-05-14 20:17:59,490 p=2811 u=ec2-user n=ansible | [WARNING]: No hosts matched, nothing to do

2023-05-14 20:20:12,719 p=2828 u=ec2-user n=ansible | 54.161.72.221 | CHANGED | rc=0 >>
Sun May 14 20:20:12 UTC 2023

2023-05-14 20:20:12,741 p=2828 u=ec2-user n=ansible | 44.199.252.173 | CHANGED | rc=0 >>
Sun May 14 20:20:12 UTC 2023

2023-05-14 20:20:29,338 p=2864 u=ec2-user n=ansible | 54.161.72.221 | CHANGED | rc=0 >>
              total        used        free      shared  buff/cache   available
Mem:            944          88         670           0         185         722
Swap:             0           0           0

2023-05-14 20:20:29,435 p=2864 u=ec2-user n=ansible | 44.199.252.173 | CHANGED | rc=0 >>
              total        used        free      shared  buff/cache   available
Mem:           1942          89        1667           0         185        1715
Swap:             0           0           0

2023-05-14 20:20:47,871 p=2894 u=ec2-user n=ansible | 44.199.252.173 | CHANGED | rc=0 >>
2

2023-05-14 20:20:47,896 p=2894 u=ec2-user n=ansible | 54.161.72.221 | CHANGED | rc=0 >>
2

2023-05-14 20:21:02,776 p=2924 u=ec2-user n=ansible | 54.161.72.221 | CHANGED | rc=0 >>
NAME          MAJ:MIN RM SIZE RO TYPE MOUNTPOINT
nvme0n1       259:0    0   8G  0 disk 
├─nvme0n1p1   259:1    0   8G  0 part /
└─nvme0n1p128 259:2    0   1M  0 part 

2023-05-14 20:21:03,113 p=2924 u=ec2-user n=ansible | 44.199.252.173 | CHANGED | rc=0 >>
NAME          MAJ:MIN RM SIZE RO TYPE MOUNTPOINT
nvme0n1       259:0    0   8G  0 disk 
├─nvme0n1p1   259:1    0   8G  0 part /
└─nvme0n1p128 259:2    0   1M  0 part 

2023-05-14 20:21:42,660 p=2955 u=ec2-user n=ansible | 54.161.72.221 | CHANGED | rc=0 >>
ip-172-31-90-230.ec2.internal

2023-05-14 20:21:43,092 p=2955 u=ec2-user n=ansible | 44.199.252.173 | CHANGED | rc=0 >>
ip-172-31-4-136.ec2.internal

2023-05-14 20:22:23,718 p=2987 u=ec2-user n=ansible | 44.199.252.173 | CHANGED | rc=0 >>
ip-172-31-4-136.ec2.internal

2023-05-14 20:22:33,461 p=3005 u=ec2-user n=ansible | 54.161.72.221 | CHANGED | rc=0 >>
ip-172-31-90-230.ec2.internal

2023-05-14 20:22:44,078 p=3023 u=ec2-user n=ansible | 54.161.72.221 | CHANGED | rc=0 >>
ip-172-31-90-230.ec2.internal

2023-05-14 20:22:44,112 p=3023 u=ec2-user n=ansible | 44.199.252.173 | CHANGED | rc=0 >>
ip-172-31-4-136.ec2.internal

2023-05-14 20:24:04,521 p=3054 u=ec2-user n=ansible | 54.161.72.221 | CHANGED | rc=0 >>
ip-172-31-90-230.ec2.internal

2023-05-14 20:24:56,537 p=3077 u=ec2-user n=ansible | 44.199.252.173 | CHANGED | rc=0 >>
ip-172-31-4-136.ec2.internal

2023-05-14 20:26:04,652 p=3099 u=ec2-user n=ansible | 54.161.72.221 | CHANGED | rc=0 >>
ip-172-31-90-230.ec2.internal

2023-05-14 20:26:04,677 p=3099 u=ec2-user n=ansible | 44.199.252.173 | CHANGED | rc=0 >>
ip-172-31-4-136.ec2.internal

2023-05-14 20:29:43,351 p=3140 u=ec2-user n=ansible | 44.199.252.173 | CHANGED => {
    "ansible_facts": {
        "discovered_interpreter_python": "/usr/bin/python"
    },
    "changed": true,
    "dest": "/home/ec2-user/test",
    "gid": 1000,
    "group": "ec2-user",
    "mode": "0664",
    "owner": "ec2-user",
    "size": 0,
    "state": "file",
    "uid": 1000
}
2023-05-14 20:31:43,641 p=3171 u=ec2-user n=ansible | 54.161.72.221 | CHANGED => {
    "ansible_facts": {
        "discovered_interpreter_python": "/usr/bin/python"
    },
    "changed": true,
    "gid": 1000,
    "group": "ec2-user",
    "mode": "0775",
    "owner": "ec2-user",
    "path": "/home/ec2-user/test",
    "size": 6,
    "state": "directory",
    "uid": 1000
}
2023-05-14 21:02:01,703 p=3327 u=ec2-user n=ansible | ERROR! We were unable to read either as JSON nor YAML, these are the errors we got from each:
JSON: Expecting value: line 1 column 1 (char 0)

Syntax Error while loading YAML.
  mapping values are not allowed in this context

The error appears to be in '/home/ec2-user/play.yml': line 3, column 9, but may
be elsewhere in the file depending on the exact syntax problem.

The offending line appears to be:

- hosts:devserver
  become: yes
        ^ here

2023-05-14 21:03:29,013 p=3334 u=ec2-user n=ansible | ERROR! We were unable to read either as JSON nor YAML, these are the errors we got from each:
JSON: Expecting value: line 1 column 1 (char 0)

Syntax Error while loading YAML.
  mapping values are not allowed in this context

The error appears to be in '/home/ec2-user/play.yml': line 3, column 9, but may
be elsewhere in the file depending on the exact syntax problem.

The offending line appears to be:

- hosts:devserver
  become: yes
        ^ here

2023-05-14 21:04:35,022 p=3341 u=ec2-user n=ansible | ERROR! We were unable to read either as JSON nor YAML, these are the errors we got from each:
JSON: Expecting value: line 1 column 1 (char 0)

Syntax Error while loading YAML.
  mapping values are not allowed in this context

The error appears to be in '/home/ec2-user/play.yml': line 3, column 9, but may
be elsewhere in the file depending on the exact syntax problem.

The offending line appears to be:

- hosts:devserver
  become: yes
        ^ here

2023-05-14 21:09:35,041 p=3403 u=ec2-user n=ansible | ERROR! We were unable to read either as JSON nor YAML, these are the errors we got from each:
JSON: Expecting value: line 1 column 1 (char 0)

Syntax Error while loading YAML.
  mapping values are not allowed in this context

The error appears to be in '/home/ec2-user/play.yml': line 3, column 9, but may
be elsewhere in the file depending on the exact syntax problem.

The offending line appears to be:

- hosts:devserver
  become: yes
        ^ here

2023-05-14 21:11:02,683 p=3418 u=ec2-user n=ansible | playbook: play.yml
2023-05-14 21:13:47,709 p=3427 u=ec2-user n=ansible | PLAY [devserver] ************************************************************************************************************************
2023-05-14 21:13:47,723 p=3427 u=ec2-user n=ansible | TASK [Gathering Facts] ******************************************************************************************************************
2023-05-14 21:13:50,579 p=3427 u=ec2-user n=ansible | ok: [54.161.72.221]
2023-05-14 21:13:50,602 p=3427 u=ec2-user n=ansible | TASK [Creating user] ********************************************************************************************************************
2023-05-14 21:13:51,341 p=3427 u=ec2-user n=ansible | changed: [54.161.72.221]
2023-05-14 21:13:51,367 p=3427 u=ec2-user n=ansible | PLAY RECAP ******************************************************************************************************************************
2023-05-14 21:13:51,368 p=3427 u=ec2-user n=ansible | 54.161.72.221              : ok=2    changed=1    unreachable=0    failed=0    skipped=0    rescued=0    ignored=0   
2023-05-14 21:18:00,679 p=3463 u=ec2-user n=ansible | 54.161.72.221 | CHANGED => {
    "ansible_facts": {
        "discovered_interpreter_python": "/usr/bin/python"
    },
    "changed": true,
    "dest": "/home/ec2-user/qaplay.yml",
    "gid": 1000,
    "group": "ec2-user",
    "mode": "0664",
    "owner": "ec2-user",
    "size": 0,
    "state": "file",
    "uid": 1000
}
2023-05-14 21:22:04,112 p=3511 u=ec2-user n=ansible | playbook: play.yml
2023-05-14 21:22:22,832 p=3522 u=ec2-user n=ansible | PLAY [qaserver] *************************************************************************************************************************
2023-05-14 21:22:22,848 p=3522 u=ec2-user n=ansible | TASK [Gathering Facts] ******************************************************************************************************************
2023-05-14 21:22:25,157 p=3522 u=ec2-user n=ansible | ok: [44.199.252.173]
2023-05-14 21:22:25,180 p=3522 u=ec2-user n=ansible | TASK [Creating user] ********************************************************************************************************************
2023-05-14 21:22:25,825 p=3522 u=ec2-user n=ansible | changed: [44.199.252.173]
2023-05-14 21:22:25,866 p=3522 u=ec2-user n=ansible | PLAY RECAP ******************************************************************************************************************************
2023-05-14 21:22:25,866 p=3522 u=ec2-user n=ansible | 44.199.252.173             : ok=2    changed=1    unreachable=0    failed=0    skipped=0    rescued=0    ignored=0   
2023-05-14 21:28:15,706 p=3563 u=ec2-user n=ansible | PLAY [qaserver] *************************************************************************************************************************
2023-05-14 21:28:15,728 p=3563 u=ec2-user n=ansible | TASK [Gathering Facts] ******************************************************************************************************************
2023-05-14 21:28:18,043 p=3563 u=ec2-user n=ansible | ok: [44.199.252.173]
2023-05-14 21:28:18,064 p=3563 u=ec2-user n=ansible | TASK [Creating user] ********************************************************************************************************************
2023-05-14 21:28:18,678 p=3563 u=ec2-user n=ansible | ok: [44.199.252.173]
2023-05-14 21:28:18,731 p=3563 u=ec2-user n=ansible | PLAY RECAP ******************************************************************************************************************************
2023-05-14 21:28:18,731 p=3563 u=ec2-user n=ansible | 44.199.252.173             : ok=2    changed=0    unreachable=0    failed=0    skipped=0    rescued=0    ignored=0   
2023-05-14 21:28:22,240 p=3594 u=ec2-user n=ansible | PLAY [qaserver] *************************************************************************************************************************
2023-05-14 21:28:22,253 p=3594 u=ec2-user n=ansible | TASK [Gathering Facts] ******************************************************************************************************************
2023-05-14 21:28:23,969 p=3594 u=ec2-user n=ansible | ok: [44.199.252.173]
2023-05-14 21:28:23,989 p=3594 u=ec2-user n=ansible | TASK [Creating user] ********************************************************************************************************************
2023-05-14 21:28:24,509 p=3594 u=ec2-user n=ansible | ok: [44.199.252.173]
2023-05-14 21:28:24,534 p=3594 u=ec2-user n=ansible | PLAY RECAP ******************************************************************************************************************************
2023-05-14 21:28:24,535 p=3594 u=ec2-user n=ansible | 44.199.252.173             : ok=2    changed=0    unreachable=0    failed=0    skipped=0    rescued=0    ignored=0   
2023-05-14 21:33:31,101 p=3687 u=ec2-user n=ansible | 44.199.252.173 | SUCCESS => {
    "ansible_facts": {
        "ansible_all_ipv4_addresses": [
            "172.31.4.136"
        ],
        "ansible_all_ipv6_addresses": [
            "fe80::a6:deff:fe61:60f9"
        ],
        "ansible_apparmor": {
            "status": "disabled"
        },
        "ansible_architecture": "x86_64",
        "ansible_bios_date": "10/16/2017",
        "ansible_bios_vendor": "Amazon EC2",
        "ansible_bios_version": "1.0",
        "ansible_board_asset_tag": "i-0884a4909ef8ac2d3",
        "ansible_board_name": "NA",
        "ansible_board_serial": "NA",
        "ansible_board_vendor": "Amazon EC2",
        "ansible_board_version": "NA",
        "ansible_chassis_asset_tag": "Amazon EC2",
        "ansible_chassis_serial": "NA",
        "ansible_chassis_vendor": "Amazon EC2",
        "ansible_chassis_version": "NA",
        "ansible_cmdline": {
            "BOOT_IMAGE": "/boot/vmlinuz-4.14.313-235.533.amzn2.x86_64",
            "biosdevname": "0",
            "console": "ttyS0,115200n8",
            "net.ifnames": "0",
            "nvme_core.io_timeout": "4294967295",
            "rd.emergency": "poweroff",
            "rd.shell": "0",
            "ro": true,
            "root": "UUID=30d6f3ce-a17d-4caf-ac89-e9f959c387e8"
        },
        "ansible_date_time": {
            "date": "2023-05-14",
            "day": "14",
            "epoch": "1684100011",
            "hour": "21",
            "iso8601": "2023-05-14T21:33:31Z",
            "iso8601_basic": "20230514T213331047127",
            "iso8601_basic_short": "20230514T213331",
            "iso8601_micro": "2023-05-14T21:33:31.047127Z",
            "minute": "33",
            "month": "05",
            "second": "31",
            "time": "21:33:31",
            "tz": "UTC",
            "tz_dst": "UTC",
            "tz_offset": "+0000",
            "weekday": "Sunday",
            "weekday_number": "0",
            "weeknumber": "19",
            "year": "2023"
        },
        "ansible_default_ipv4": {
            "address": "172.31.4.136",
            "alias": "eth0",
            "broadcast": "172.31.15.255",
            "gateway": "172.31.0.1",
            "interface": "eth0",
            "macaddress": "02:a6:de:61:60:f9",
            "mtu": 9001,
            "netmask": "255.255.240.0",
            "network": "172.31.0.0",
            "type": "ether"
        },
        "ansible_default_ipv6": {},
        "ansible_device_links": {
            "ids": {
                "nvme0n1": [
                    "nvme-Amazon_Elastic_Block_Store_vol034952c8e7554037a",
                    "nvme-Amazon_Elastic_Block_Store_vol034952c8e7554037a-ns-1",
                    "nvme-nvme.1d0f-766f6c3033343935326338653735353430333761-416d617a6f6e20456c617374696320426c6f636b2053746f7265-00000001"
                ],
                "nvme0n1p1": [
                    "nvme-Amazon_Elastic_Block_Store_vol034952c8e7554037a-ns-1-part1",
                    "nvme-Amazon_Elastic_Block_Store_vol034952c8e7554037a-part1",
                    "nvme-nvme.1d0f-766f6c3033343935326338653735353430333761-416d617a6f6e20456c617374696320426c6f636b2053746f7265-00000001-part1"
                ],
                "nvme0n1p128": [
                    "nvme-Amazon_Elastic_Block_Store_vol034952c8e7554037a-ns-1-part128",
                    "nvme-Amazon_Elastic_Block_Store_vol034952c8e7554037a-part128",
                    "nvme-nvme.1d0f-766f6c3033343935326338653735353430333761-416d617a6f6e20456c617374696320426c6f636b2053746f7265-00000001-part128"
                ]
            },
            "labels": {
                "nvme0n1p1": [
                    "\\x2f"
                ]
            },
            "masters": {},
            "uuids": {
                "nvme0n1p1": [
                    "30d6f3ce-a17d-4caf-ac89-e9f959c387e8"
                ]
            }
        },
        "ansible_devices": {
            "nvme0n1": {
                "holders": [],
                "host": "Non-Volatile memory controller: Amazon.com, Inc. Device 8061",
                "links": {
                    "ids": [
                        "nvme-Amazon_Elastic_Block_Store_vol034952c8e7554037a",
                        "nvme-Amazon_Elastic_Block_Store_vol034952c8e7554037a-ns-1",
                        "nvme-nvme.1d0f-766f6c3033343935326338653735353430333761-416d617a6f6e20456c617374696320426c6f636b2053746f7265-00000001"
                    ],
                    "labels": [],
                    "masters": [],
                    "uuids": []
                },
                "model": "Amazon Elastic Block Store",
                "partitions": {
                    "nvme0n1p1": {
                        "holders": [],
                        "links": {
                            "ids": [
                                "nvme-Amazon_Elastic_Block_Store_vol034952c8e7554037a-ns-1-part1",
                                "nvme-Amazon_Elastic_Block_Store_vol034952c8e7554037a-part1",
                                "nvme-nvme.1d0f-766f6c3033343935326338653735353430333761-416d617a6f6e20456c617374696320426c6f636b2053746f7265-00000001-part1"
                            ],
                            "labels": [
                                "\\x2f"
                            ],
                            "masters": [],
                            "uuids": [
                                "30d6f3ce-a17d-4caf-ac89-e9f959c387e8"
                            ]
                        },
                        "sectors": "16773087",
                        "sectorsize": 512,
                        "size": "8.00 GB",
                        "start": "4096",
                        "uuid": "30d6f3ce-a17d-4caf-ac89-e9f959c387e8"
                    },
                    "nvme0n1p128": {
                        "holders": [],
                        "links": {
                            "ids": [
                                "nvme-Amazon_Elastic_Block_Store_vol034952c8e7554037a-ns-1-part128",
                                "nvme-Amazon_Elastic_Block_Store_vol034952c8e7554037a-part128",
                                "nvme-nvme.1d0f-766f6c3033343935326338653735353430333761-416d617a6f6e20456c617374696320426c6f636b2053746f7265-00000001-part128"
                            ],
                            "labels": [],
                            "masters": [],
                            "uuids": []
                        },
                        "sectors": "2048",
                        "sectorsize": 512,
                        "size": "1.00 MB",
                        "start": "2048",
                        "uuid": null
                    }
                },
                "removable": "0",
                "rotational": "0",
                "sas_address": null,
                "sas_device_handle": null,
                "scheduler_mode": "none",
                "sectors": "16777216",
                "sectorsize": "512",
                "serial": "vol034952c8e7554037a",
                "size": "8.00 GB",
                "support_discard": "0",
                "vendor": null,
                "virtual": 1
            }
        },
        "ansible_distribution": "Amazon",
        "ansible_distribution_file_parsed": true,
        "ansible_distribution_file_path": "/etc/os-release",
        "ansible_distribution_file_variety": "Amazon",
        "ansible_distribution_major_version": "2",
        "ansible_distribution_minor_version": "NA",
        "ansible_distribution_release": "NA",
        "ansible_distribution_version": "2",
        "ansible_dns": {
            "nameservers": [
                "172.31.0.2"
            ],
            "options": {
                "attempts": "5",
                "timeout": "2"
            },
            "search": [
                "ec2.internal"
            ]
        },
        "ansible_domain": "ec2.internal",
        "ansible_effective_group_id": 1000,
        "ansible_effective_user_id": 1000,
        "ansible_env": {
            "HOME": "/home/ec2-user",
            "LANG": "en_US.UTF-8",
            "LESSOPEN": "||/usr/bin/lesspipe.sh %s",
            "LOGNAME": "ec2-user",
            "LS_COLORS": "rs=0:di=38;5;27:ln=38;5;51:mh=44;38;5;15:pi=40;38;5;11:so=38;5;13:do=38;5;5:bd=48;5;232;38;5;11:cd=48;5;232;38;5;3:or=48;5;232;38;5;9:mi=05;48;5;232;38;5;15:su=48;5;196;38;5;15:sg=48;5;11;38;5;16:ca=48;5;196;38;5;226:tw=48;5;10;38;5;16:ow=48;5;10;38;5;21:st=48;5;21;38;5;15:ex=38;5;34:*.tar=38;5;9:*.tgz=38;5;9:*.arc=38;5;9:*.arj=38;5;9:*.taz=38;5;9:*.lha=38;5;9:*.lz4=38;5;9:*.lzh=38;5;9:*.lzma=38;5;9:*.tlz=38;5;9:*.txz=38;5;9:*.tzo=38;5;9:*.t7z=38;5;9:*.zip=38;5;9:*.z=38;5;9:*.Z=38;5;9:*.dz=38;5;9:*.gz=38;5;9:*.lrz=38;5;9:*.lz=38;5;9:*.lzo=38;5;9:*.xz=38;5;9:*.bz2=38;5;9:*.bz=38;5;9:*.tbz=38;5;9:*.tbz2=38;5;9:*.tz=38;5;9:*.deb=38;5;9:*.rpm=38;5;9:*.jar=38;5;9:*.war=38;5;9:*.ear=38;5;9:*.sar=38;5;9:*.rar=38;5;9:*.alz=38;5;9:*.ace=38;5;9:*.zoo=38;5;9:*.cpio=38;5;9:*.7z=38;5;9:*.rz=38;5;9:*.cab=38;5;9:*.jpg=38;5;13:*.jpeg=38;5;13:*.gif=38;5;13:*.bmp=38;5;13:*.pbm=38;5;13:*.pgm=38;5;13:*.ppm=38;5;13:*.tga=38;5;13:*.xbm=38;5;13:*.xpm=38;5;13:*.tif=38;5;13:*.tiff=38;5;13:*.png=38;5;13:*.svg=38;5;13:*.svgz=38;5;13:*.mng=38;5;13:*.pcx=38;5;13:*.mov=38;5;13:*.mpg=38;5;13:*.mpeg=38;5;13:*.m2v=38;5;13:*.mkv=38;5;13:*.webm=38;5;13:*.ogm=38;5;13:*.mp4=38;5;13:*.m4v=38;5;13:*.mp4v=38;5;13:*.vob=38;5;13:*.qt=38;5;13:*.nuv=38;5;13:*.wmv=38;5;13:*.asf=38;5;13:*.rm=38;5;13:*.rmvb=38;5;13:*.flc=38;5;13:*.avi=38;5;13:*.fli=38;5;13:*.flv=38;5;13:*.gl=38;5;13:*.dl=38;5;13:*.xcf=38;5;13:*.xwd=38;5;13:*.yuv=38;5;13:*.cgm=38;5;13:*.emf=38;5;13:*.axv=38;5;13:*.anx=38;5;13:*.ogv=38;5;13:*.ogx=38;5;13:*.aac=38;5;45:*.au=38;5;45:*.flac=38;5;45:*.mid=38;5;45:*.midi=38;5;45:*.mka=38;5;45:*.mp3=38;5;45:*.mpc=38;5;45:*.ogg=38;5;45:*.ra=38;5;45:*.wav=38;5;45:*.axa=38;5;45:*.oga=38;5;45:*.spx=38;5;45:*.xspf=38;5;45:",
            "MAIL": "/var/mail/ec2-user",
            "PATH": "/usr/local/bin:/usr/bin",
            "PWD": "/home/ec2-user",
            "SHELL": "/bin/bash",
            "SHLVL": "2",
            "SSH_CLIENT": "3.84.235.150 60822 22",
            "SSH_CONNECTION": "3.84.235.150 60822 172.31.4.136 22",
            "SSH_TTY": "/dev/pts/1",
            "TERM": "xterm-256color",
            "USER": "ec2-user",
            "XDG_RUNTIME_DIR": "/run/user/1000",
            "XDG_SESSION_ID": "26",
            "_": "/usr/bin/python"
        },
        "ansible_eth0": {
            "active": true,
            "device": "eth0",
            "features": {
                "esp_hw_offload": "off [fixed]",
                "esp_tx_csum_hw_offload": "off [fixed]",
                "fcoe_mtu": "off [fixed]",
                "generic_receive_offload": "on",
                "generic_segmentation_offload": "on",
                "highdma": "on",
                "hw_tc_offload": "off [fixed]",
                "l2_fwd_offload": "off [fixed]",
                "large_receive_offload": "off [fixed]",
                "loopback": "off [fixed]",
                "netns_local": "off [fixed]",
                "ntuple_filters": "off [fixed]",
                "receive_hashing": "on",
                "rx_all": "off [fixed]",
                "rx_checksumming": "off [fixed]",
                "rx_fcs": "off [fixed]",
                "rx_udp_tunnel_port_offload": "off [fixed]",
                "rx_vlan_filter": "off [fixed]",
                "rx_vlan_offload": "off [fixed]",
                "rx_vlan_stag_filter": "off [fixed]",
                "rx_vlan_stag_hw_parse": "off [fixed]",
                "scatter_gather": "on",
                "tcp_segmentation_offload": "off",
                "tx_checksum_fcoe_crc": "off [fixed]",
                "tx_checksum_ip_generic": "off [fixed]",
                "tx_checksum_ipv4": "on",
                "tx_checksum_ipv6": "off [fixed]",
                "tx_checksum_sctp": "off [fixed]",
                "tx_checksumming": "on",
                "tx_esp_segmentation": "off [fixed]",
                "tx_fcoe_segmentation": "off [fixed]",
                "tx_gre_csum_segmentation": "off [fixed]",
                "tx_gre_segmentation": "off [fixed]",
                "tx_gso_partial": "off [fixed]",
                "tx_gso_robust": "off [fixed]",
                "tx_ipxip4_segmentation": "off [fixed]",
                "tx_ipxip6_segmentation": "off [fixed]",
                "tx_lockless": "off [fixed]",
                "tx_nocache_copy": "off",
                "tx_scatter_gather": "on",
                "tx_scatter_gather_fraglist": "off [fixed]",
                "tx_sctp_segmentation": "off [fixed]",
                "tx_tcp6_segmentation": "off [fixed]",
                "tx_tcp_ecn_segmentation": "off [fixed]",
                "tx_tcp_mangleid_segmentation": "off [fixed]",
                "tx_tcp_segmentation": "off [fixed]",
                "tx_udp_tnl_csum_segmentation": "off [fixed]",
                "tx_udp_tnl_segmentation": "off [fixed]",
                "tx_vlan_offload": "off [fixed]",
                "tx_vlan_stag_hw_insert": "off [fixed]",
                "udp_fragmentation_offload": "off",
                "vlan_challenged": "off [fixed]"
            },
            "hw_timestamp_filters": [],
            "ipv4": {
                "address": "172.31.4.136",
                "broadcast": "172.31.15.255",
                "netmask": "255.255.240.0",
                "network": "172.31.0.0"
            },
            "ipv6": [
                {
                    "address": "fe80::a6:deff:fe61:60f9",
                    "prefix": "64",
                    "scope": "link"
                }
            ],
            "macaddress": "02:a6:de:61:60:f9",
            "module": "ena",
            "mtu": 9001,
            "pciid": "0000:00:05.0",
            "promisc": false,
            "timestamping": [
                "tx_software",
                "rx_software",
                "software"
            ],
            "type": "ether"
        },
        "ansible_fibre_channel_wwn": [],
        "ansible_fips": false,
        "ansible_form_factor": "Other",
        "ansible_fqdn": "ip-172-31-4-136.ec2.internal",
        "ansible_hostname": "ip-172-31-4-136",
        "ansible_hostnqn": "",
        "ansible_interfaces": [
            "lo",
            "eth0"
        ],
        "ansible_is_chroot": true,
        "ansible_iscsi_iqn": "",
        "ansible_kernel": "4.14.313-235.533.amzn2.x86_64",
        "ansible_kernel_version": "#1 SMP Tue Apr 25 15:24:19 UTC 2023",
        "ansible_lo": {
            "active": true,
            "device": "lo",
            "features": {
                "esp_hw_offload": "off [fixed]",
                "esp_tx_csum_hw_offload": "off [fixed]",
                "fcoe_mtu": "off [fixed]",
                "generic_receive_offload": "on",
                "generic_segmentation_offload": "on",
                "highdma": "on [fixed]",
                "hw_tc_offload": "off [fixed]",
                "l2_fwd_offload": "off [fixed]",
                "large_receive_offload": "off [fixed]",
                "loopback": "on [fixed]",
                "netns_local": "on [fixed]",
                "ntuple_filters": "off [fixed]",
                "receive_hashing": "off [fixed]",
                "rx_all": "off [fixed]",
                "rx_checksumming": "on [fixed]",
                "rx_fcs": "off [fixed]",
                "rx_udp_tunnel_port_offload": "off [fixed]",
                "rx_vlan_filter": "off [fixed]",
                "rx_vlan_offload": "off [fixed]",
                "rx_vlan_stag_filter": "off [fixed]",
                "rx_vlan_stag_hw_parse": "off [fixed]",
                "scatter_gather": "on",
                "tcp_segmentation_offload": "on",
                "tx_checksum_fcoe_crc": "off [fixed]",
                "tx_checksum_ip_generic": "on [fixed]",
                "tx_checksum_ipv4": "off [fixed]",
                "tx_checksum_ipv6": "off [fixed]",
                "tx_checksum_sctp": "on [fixed]",
                "tx_checksumming": "on",
                "tx_esp_segmentation": "off [fixed]",
                "tx_fcoe_segmentation": "off [fixed]",
                "tx_gre_csum_segmentation": "off [fixed]",
                "tx_gre_segmentation": "off [fixed]",
                "tx_gso_partial": "off [fixed]",
                "tx_gso_robust": "off [fixed]",
                "tx_ipxip4_segmentation": "off [fixed]",
                "tx_ipxip6_segmentation": "off [fixed]",
                "tx_lockless": "on [fixed]",
                "tx_nocache_copy": "off [fixed]",
                "tx_scatter_gather": "on [fixed]",
                "tx_scatter_gather_fraglist": "on [fixed]",
                "tx_sctp_segmentation": "on",
                "tx_tcp6_segmentation": "on",
                "tx_tcp_ecn_segmentation": "on",
                "tx_tcp_mangleid_segmentation": "on",
                "tx_tcp_segmentation": "on",
                "tx_udp_tnl_csum_segmentation": "off [fixed]",
                "tx_udp_tnl_segmentation": "off [fixed]",
                "tx_vlan_offload": "off [fixed]",
                "tx_vlan_stag_hw_insert": "off [fixed]",
                "udp_fragmentation_offload": "off",
                "vlan_challenged": "on [fixed]"
            },
            "hw_timestamp_filters": [],
            "ipv4": {
                "address": "127.0.0.1",
                "broadcast": "",
                "netmask": "255.0.0.0",
                "network": "127.0.0.0"
            },
            "ipv6": [
                {
                    "address": "::1",
                    "prefix": "128",
                    "scope": "host"
                }
            ],
            "mtu": 65536,
            "promisc": false,
            "timestamping": [
                "tx_software",
                "rx_software",
                "software"
            ],
            "type": "loopback"
        },
        "ansible_local": {},
        "ansible_lsb": {},
        "ansible_machine": "x86_64",
        "ansible_machine_id": "ec2ac731601d6af58deb0067f23a3860",
        "ansible_memfree_mb": 1660,
        "ansible_memory_mb": {
            "nocache": {
                "free": 1832,
                "used": 110
            },
            "real": {
                "free": 1660,
                "total": 1942,
                "used": 282
            },
            "swap": {
                "cached": 0,
                "free": 0,
                "total": 0,
                "used": 0
            }
        },
        "ansible_memtotal_mb": 1942,
        "ansible_mounts": [
            {
                "block_available": 1697124,
                "block_size": 4096,
                "block_total": 2094075,
                "block_used": 396951,
                "device": "/dev/nvme0n1p1",
                "fstype": "xfs",
                "inode_available": 4145094,
                "inode_total": 4193216,
                "inode_used": 48122,
                "mount": "/",
                "options": "rw,noatime,attr2,inode64,noquota",
                "size_available": 6951419904,
                "size_total": 8577331200,
                "uuid": "30d6f3ce-a17d-4caf-ac89-e9f959c387e8"
            }
        ],
        "ansible_nodename": "ip-172-31-4-136.ec2.internal",
        "ansible_os_family": "RedHat",
        "ansible_pkg_mgr": "yum",
        "ansible_proc_cmdline": {
            "BOOT_IMAGE": "/boot/vmlinuz-4.14.313-235.533.amzn2.x86_64",
            "biosdevname": "0",
            "console": [
                "tty0",
                "ttyS0,115200n8"
            ],
            "net.ifnames": "0",
            "nvme_core.io_timeout": "4294967295",
            "rd.emergency": "poweroff",
            "rd.shell": "0",
            "ro": true,
            "root": "UUID=30d6f3ce-a17d-4caf-ac89-e9f959c387e8"
        },
        "ansible_processor": [
            "0",
            "GenuineIntel",
            "Intel(R) Xeon(R) Platinum 8175M CPU @ 2.50GHz",
            "1",
            "GenuineIntel",
            "Intel(R) Xeon(R) Platinum 8175M CPU @ 2.50GHz"
        ],
        "ansible_processor_cores": 1,
        "ansible_processor_count": 1,
        "ansible_processor_nproc": 2,
        "ansible_processor_threads_per_core": 2,
        "ansible_processor_vcpus": 2,
        "ansible_product_name": "t3.small",
        "ansible_product_serial": "NA",
        "ansible_product_uuid": "NA",
        "ansible_product_version": "NA",
        "ansible_python": {
            "executable": "/usr/bin/python",
            "has_sslcontext": true,
            "type": "CPython",
            "version": {
                "major": 2,
                "micro": 18,
                "minor": 7,
                "releaselevel": "final",
                "serial": 0
            },
            "version_info": [
                2,
                7,
                18,
                "final",
                0
            ]
        },
        "ansible_python_version": "2.7.18",
        "ansible_real_group_id": 1000,
        "ansible_real_user_id": 1000,
        "ansible_selinux": {
            "status": "disabled"
        },
        "ansible_selinux_python_present": true,
        "ansible_service_mgr": "systemd",
        "ansible_ssh_host_key_ecdsa_public": "AAAAE2VjZHNhLXNoYTItbmlzdHAyNTYAAAAIbmlzdHAyNTYAAABBBHZCN8GUbir80WoNHFJ7e7GIq4u2lEphkzkrFDmmAlagawuO1+TBmx4xccQvQ2tsBeC1hUT2nUDXfpTDmNOo81A=",
        "ansible_ssh_host_key_ecdsa_public_keytype": "ecdsa-sha2-nistp256",
        "ansible_ssh_host_key_ed25519_public": "AAAAC3NzaC1lZDI1NTE5AAAAIMlewIzubRSsFIthox3NHZaakcXjnEebEQJBUfRijj1H",
        "ansible_ssh_host_key_ed25519_public_keytype": "ssh-ed25519",
        "ansible_ssh_host_key_rsa_public": "AAAAB3NzaC1yc2EAAAADAQABAAABAQDKelIbpvcmTLV2A3X/GCo1HNqtBNi/mMCpY7JoazEmdQVbQzqNvpbXXvo/w7WHUCvsCQ97xerIn+oZiKGYSpZz25MIwfY9Ib2hNWJwn7NDszbH61atJxQrLJ1Ucnyhgod754No0l5ZeQzVa6nvPd7PHcygGysBSrhclopYVuy7mVOAQjshwLFh5uHDUjaSPAX18XC5+EGIRUgmVE8JvkTcUb2kRWVqYhMbcIBe+fKniRYW6DavXJzb794C3AEfaifpNplOpDriG0Hd6JqE9fH7rztCvZ6dm228eehHWsdstHP09FFXht0a3TKNX0ZY9AwxiRCKoAj8Nsp/VPQWZE4b",
        "ansible_ssh_host_key_rsa_public_keytype": "ssh-rsa",
        "ansible_swapfree_mb": 0,
        "ansible_swaptotal_mb": 0,
        "ansible_system": "Linux",
        "ansible_system_capabilities": [
            ""
        ],
        "ansible_system_capabilities_enforced": "True",
        "ansible_system_vendor": "Amazon EC2",
        "ansible_uptime_seconds": 7716,
        "ansible_user_dir": "/home/ec2-user",
        "ansible_user_gecos": "EC2 Default User",
        "ansible_user_gid": 1000,
        "ansible_user_id": "ec2-user",
        "ansible_user_shell": "/bin/bash",
        "ansible_user_uid": 1000,
        "ansible_userspace_architecture": "x86_64",
        "ansible_userspace_bits": "64",
        "ansible_virtualization_role": "guest",
        "ansible_virtualization_tech_guest": [
            "kvm"
        ],
        "ansible_virtualization_tech_host": [],
        "ansible_virtualization_type": "kvm",
        "discovered_interpreter_python": "/usr/bin/python",
        "gather_subset": [
            "all"
        ],
        "module_setup": true
    },
    "changed": false
}
2023-05-14 21:38:14,255 p=3759 u=ec2-user n=ansible | PLAY [devserver] ************************************************************************************************************************
2023-05-14 21:38:14,268 p=3759 u=ec2-user n=ansible | TASK [Gathering Facts] ******************************************************************************************************************
2023-05-14 21:38:16,115 p=3759 u=ec2-user n=ansible | ok: [54.161.72.221]
2023-05-14 21:38:16,137 p=3759 u=ec2-user n=ansible | TASK [Creating user] ********************************************************************************************************************
2023-05-14 21:38:16,682 p=3759 u=ec2-user n=ansible | ok: [54.161.72.221]
2023-05-14 21:38:16,715 p=3759 u=ec2-user n=ansible | PLAY RECAP ******************************************************************************************************************************
2023-05-14 21:38:16,715 p=3759 u=ec2-user n=ansible | 54.161.72.221              : ok=2    changed=0    unreachable=0    failed=0    skipped=0    rescued=0    ignored=0   
2023-05-14 21:39:09,837 p=3793 u=ec2-user n=ansible | PLAY [devserver] ************************************************************************************************************************
2023-05-14 21:39:09,850 p=3793 u=ec2-user n=ansible | TASK [Gathering Facts] ******************************************************************************************************************
2023-05-14 21:39:11,506 p=3793 u=ec2-user n=ansible | ok: [54.161.72.221]
2023-05-14 21:39:11,527 p=3793 u=ec2-user n=ansible | TASK [Creating user] ********************************************************************************************************************
2023-05-14 21:39:11,552 p=3793 u=ec2-user n=ansible | skipping: [54.161.72.221]
2023-05-14 21:39:11,603 p=3793 u=ec2-user n=ansible | PLAY RECAP ******************************************************************************************************************************
2023-05-14 21:39:11,603 p=3793 u=ec2-user n=ansible | 54.161.72.221              : ok=1    changed=0    unreachable=0    failed=0    skipped=1    rescued=0    ignored=0   
2023-05-14 21:54:23,917 p=3851 u=ec2-user n=ansible | ERROR! We were unable to read either as JSON nor YAML, these are the errors we got from each:
JSON: Expecting value: line 1 column 1 (char 0)

Syntax Error while loading YAML.
  could not find expected ':'

The error appears to be in '/home/ec2-user/play.yml': line 27, column 6, but may
be elsewhere in the file depending on the exact syntax problem.

The offending line appears to be:


     - name: install finger
     ^ here

2023-05-14 21:55:36,479 p=3857 u=ec2-user n=ansible | ERROR! We were unable to read either as JSON nor YAML, these are the errors we got from each:
JSON: Expecting value: line 1 column 1 (char 0)

Syntax Error while loading YAML.
  could not find expected ':'

The error appears to be in '/home/ec2-user/play.yml': line 27, column 6, but may
be elsewhere in the file depending on the exact syntax problem.

The offending line appears to be:


     - name: install finger
     ^ here

2023-05-14 21:57:50,997 p=3917 u=ec2-user n=ansible | ERROR! We were unable to read either as JSON nor YAML, these are the errors we got from each:
JSON: Expecting value: line 1 column 1 (char 0)

Syntax Error while loading YAML.
  could not find expected ':'

The error appears to be in '/home/ec2-user/play.yml': line 27, column 5, but may
be elsewhere in the file depending on the exact syntax problem.

The offending line appears to be:


    - name: install finger
    ^ here

2023-05-14 21:59:08,899 p=3923 u=ec2-user n=ansible | ERROR! We were unable to read either as JSON nor YAML, these are the errors we got from each:
JSON: Expecting value: line 1 column 1 (char 0)

Syntax Error while loading YAML.
  could not find expected ':'

The error appears to be in '/home/ec2-user/play.yml': line 26, column 5, but may
be elsewhere in the file depending on the exact syntax problem.

The offending line appears to be:

        state:present
    - name: install finger
    ^ here

2023-05-14 22:00:13,328 p=3937 u=ec2-user n=ansible | ERROR! We were unable to read either as JSON nor YAML, these are the errors we got from each:
JSON: Expecting value: line 1 column 1 (char 0)

Syntax Error while loading YAML.
  could not find expected ':'

The error appears to be in '/home/ec2-user/play.yml': line 27, column 5, but may
be elsewhere in the file depending on the exact syntax problem.

The offending line appears to be:


    - name: install finger
    ^ here

2023-05-14 22:00:18,968 p=3941 u=ec2-user n=ansible | ERROR! We were unable to read either as JSON nor YAML, these are the errors we got from each:
JSON: Expecting value: line 1 column 1 (char 0)

Syntax Error while loading YAML.
  could not find expected ':'

The error appears to be in '/home/ec2-user/play.yml': line 27, column 5, but may
be elsewhere in the file depending on the exact syntax problem.

The offending line appears to be:


    - name: install finger
    ^ here

2023-05-14 22:01:03,061 p=3960 u=ec2-user n=ansible | ERROR! We were unable to read either as JSON nor YAML, these are the errors we got from each:
JSON: Expecting value: line 1 column 1 (char 0)

Syntax Error while loading YAML.
  could not find expected ':'

The error appears to be in '/home/ec2-user/play.yml': line 30, column 1, but may
be elsewhere in the file depending on the exact syntax problem.

The offending line appears to be:

        name: httpd
        state:present
^ here

2023-05-14 22:02:46,191 p=3967 u=ec2-user n=ansible | playbook: play.yml
2023-05-14 22:02:55,621 p=3973 u=ec2-user n=ansible | PLAY [devserver] ************************************************************************************************************************
2023-05-14 22:02:55,635 p=3973 u=ec2-user n=ansible | TASK [Gathering Facts] ******************************************************************************************************************
2023-05-14 22:02:57,465 p=3973 u=ec2-user n=ansible | ok: [54.161.72.221]
2023-05-14 22:02:57,485 p=3973 u=ec2-user n=ansible | TASK [Creating user] ********************************************************************************************************************
2023-05-14 22:02:57,990 p=3973 u=ec2-user n=ansible | ok: [54.161.72.221]
2023-05-14 22:02:58,005 p=3973 u=ec2-user n=ansible | TASK [create file] **********************************************************************************************************************
2023-05-14 22:02:58,506 p=3973 u=ec2-user n=ansible | changed: [54.161.72.221]
2023-05-14 22:02:58,518 p=3973 u=ec2-user n=ansible | TASK [Create directory] *****************************************************************************************************************
2023-05-14 22:02:58,819 p=3973 u=ec2-user n=ansible | changed: [54.161.72.221]
2023-05-14 22:02:58,839 p=3973 u=ec2-user n=ansible | TASK [install apache] *******************************************************************************************************************
2023-05-14 22:03:13,691 p=3973 u=ec2-user n=ansible | changed: [54.161.72.221]
2023-05-14 22:03:13,705 p=3973 u=ec2-user n=ansible | TASK [install finger] *******************************************************************************************************************
2023-05-14 22:03:20,634 p=3973 u=ec2-user n=ansible | changed: [54.161.72.221]
2023-05-14 22:03:20,656 p=3973 u=ec2-user n=ansible | PLAY RECAP ******************************************************************************************************************************
2023-05-14 22:03:20,657 p=3973 u=ec2-user n=ansible | 54.161.72.221              : ok=6    changed=4    unreachable=0    failed=0    skipped=0    rescued=0    ignored=0   
2023-05-14 22:12:31,210 p=4062 u=ec2-user n=ansible | ERROR! We were unable to read either as JSON nor YAML, these are the errors we got from each:
JSON: Expecting value: line 1 column 1 (char 0)

Syntax Error while loading YAML.
  did not find expected key

The error appears to be in '/home/ec2-user/play.yml': line 12, column 8, but may
be elsewhere in the file depending on the exact syntax problem.

The offending line appears to be:

          #when: ansible_os_family == "Redhat"
       - name: create file
       ^ here

2023-05-14 22:13:31,921 p=4068 u=ec2-user n=ansible | ERROR! We were unable to read either as JSON nor YAML, these are the errors we got from each:
JSON: Expecting value: line 1 column 1 (char 0)

Syntax Error while loading YAML.
  did not find expected key

The error appears to be in '/home/ec2-user/play.yml': line 12, column 4, but may
be elsewhere in the file depending on the exact syntax problem.

The offending line appears to be:

          #when: ansible_os_family == "Redhat"
   - name: create file
   ^ here

2023-05-14 22:14:54,099 p=4075 u=ec2-user n=ansible | playbook: play.yml
2023-05-14 22:15:05,480 p=4081 u=ec2-user n=ansible | PLAY [devserver] ************************************************************************************************************************
2023-05-14 22:15:05,496 p=4081 u=ec2-user n=ansible | TASK [Gathering Facts] ******************************************************************************************************************
2023-05-14 22:15:07,469 p=4081 u=ec2-user n=ansible | ok: [54.161.72.221]
2023-05-14 22:15:07,490 p=4081 u=ec2-user n=ansible | TASK [Creating user] ********************************************************************************************************************
2023-05-14 22:15:08,006 p=4081 u=ec2-user n=ansible | ok: [54.161.72.221]
2023-05-14 22:15:08,018 p=4081 u=ec2-user n=ansible | TASK [create file] **********************************************************************************************************************
2023-05-14 22:15:08,452 p=4081 u=ec2-user n=ansible | changed: [54.161.72.221]
2023-05-14 22:15:08,465 p=4081 u=ec2-user n=ansible | TASK [Create directory] *****************************************************************************************************************
2023-05-14 22:15:08,737 p=4081 u=ec2-user n=ansible | ok: [54.161.72.221]
2023-05-14 22:15:08,749 p=4081 u=ec2-user n=ansible | TASK [install apache] *******************************************************************************************************************
2023-05-14 22:15:09,749 p=4081 u=ec2-user n=ansible | ok: [54.161.72.221]
2023-05-14 22:15:09,761 p=4081 u=ec2-user n=ansible | TASK [install finger] *******************************************************************************************************************
2023-05-14 22:15:10,601 p=4081 u=ec2-user n=ansible | ok: [54.161.72.221] => (item=wget)
2023-05-14 22:15:18,053 p=4081 u=ec2-user n=ansible | changed: [54.161.72.221] => (item=samba)
2023-05-14 22:15:48,071 p=4081 u=ec2-user n=ansible | failed: [54.161.72.221] (item=java-8*) => {"ansible_loop_var": "item", "changed": false, "item": "java-8*", "msg": "No package matching 'java-8*' found available, installed or updated", "rc": 126, "results": ["No package matching 'java-8*' found available, installed or updated"]}
2023-05-14 22:15:49,092 p=4081 u=ec2-user n=ansible | ok: [54.161.72.221] => (item=finger)
2023-05-14 22:15:49,094 p=4081 u=ec2-user n=ansible | ...ignoring
2023-05-14 22:15:49,116 p=4081 u=ec2-user n=ansible | PLAY RECAP ******************************************************************************************************************************
2023-05-14 22:15:49,116 p=4081 u=ec2-user n=ansible | 54.161.72.221              : ok=6    changed=2    unreachable=0    failed=0    skipped=0    rescued=0    ignored=1   
2023-05-14 22:17:05,249 p=4170 u=ec2-user n=ansible | PLAY [devserver] ************************************************************************************************************************
2023-05-14 22:17:05,279 p=4170 u=ec2-user n=ansible | TASK [Gathering Facts] ******************************************************************************************************************
2023-05-14 22:17:07,201 p=4170 u=ec2-user n=ansible | ok: [54.161.72.221]
2023-05-14 22:17:07,241 p=4170 u=ec2-user n=ansible | TASK [Creating user] ********************************************************************************************************************
2023-05-14 22:17:07,810 p=4170 u=ec2-user n=ansible | ok: [54.161.72.221]
2023-05-14 22:17:07,822 p=4170 u=ec2-user n=ansible | TASK [create file] **********************************************************************************************************************
2023-05-14 22:17:08,219 p=4170 u=ec2-user n=ansible | changed: [54.161.72.221]
2023-05-14 22:17:08,249 p=4170 u=ec2-user n=ansible | TASK [Create directory] *****************************************************************************************************************
2023-05-14 22:17:08,530 p=4170 u=ec2-user n=ansible | ok: [54.161.72.221]
2023-05-14 22:17:08,542 p=4170 u=ec2-user n=ansible | TASK [install apache] *******************************************************************************************************************
2023-05-14 22:17:09,624 p=4170 u=ec2-user n=ansible | ok: [54.161.72.221]
2023-05-14 22:17:09,636 p=4170 u=ec2-user n=ansible | TASK [install finger] *******************************************************************************************************************
2023-05-14 22:17:10,494 p=4170 u=ec2-user n=ansible | ok: [54.161.72.221] => (item=wget)
2023-05-14 22:17:11,420 p=4170 u=ec2-user n=ansible | ok: [54.161.72.221] => (item=samba)
2023-05-14 22:17:13,267 p=4170 u=ec2-user n=ansible | failed: [54.161.72.221] (item=java-8*) => {"ansible_loop_var": "item", "changed": false, "item": "java-8*", "msg": "No package matching 'java-8*' found available, installed or updated", "rc": 126, "results": ["No package matching 'java-8*' found available, installed or updated"]}
2023-05-14 22:17:14,093 p=4170 u=ec2-user n=ansible | ok: [54.161.72.221] => (item=finger)
2023-05-14 22:17:14,096 p=4170 u=ec2-user n=ansible | ...ignoring
2023-05-14 22:17:14,118 p=4170 u=ec2-user n=ansible | PLAY RECAP ******************************************************************************************************************************
2023-05-14 22:17:14,118 p=4170 u=ec2-user n=ansible | 54.161.72.221              : ok=6    changed=1    unreachable=0    failed=0    skipped=0    rescued=0    ignored=1   
2023-05-28 00:48:58,428 p=3859 u=ec2-user n=ansible | Starting galaxy collection install process
2023-05-28 00:48:58,428 p=3859 u=ec2-user n=ansible | Process install dependency map
2023-05-28 00:48:58,431 p=3859 u=ec2-user n=ansible | |
2023-05-28 00:48:58,533 p=3859 u=ec2-user n=ansible | /
2023-05-28 00:48:58,634 p=3859 u=ec2-user n=ansible | -
2023-05-28 00:48:58,734 p=3859 u=ec2-user n=ansible | \
2023-05-28 00:48:58,835 p=3859 u=ec2-user n=ansible | |
2023-05-28 00:48:58,948 p=3859 u=ec2-user n=ansible | /
2023-05-28 00:48:59,050 p=3859 u=ec2-user n=ansible | -
2023-05-28 00:48:59,150 p=3859 u=ec2-user n=ansible | \
2023-05-28 00:48:59,251 p=3859 u=ec2-user n=ansible | |
2023-05-28 00:48:59,352 p=3859 u=ec2-user n=ansible | Starting collection install process
2023-05-28 00:48:59,353 p=3859 u=ec2-user n=ansible | |
2023-05-28 00:48:59,354 p=3859 u=ec2-user n=ansible | Downloading https://galaxy.ansible.com/download/amazon-aws-6.0.1.tar.gz to /home/ec2-user/.ansible/tmp/ansible-local-3859i1ary1zy/tmpmn6nqzr4/amazon-aws-6.0.1-q0gjngwh
2023-05-28 00:48:59,454 p=3859 u=ec2-user n=ansible | /
2023-05-28 00:48:59,557 p=3859 u=ec2-user n=ansible | Installing 'amazon.aws:6.0.1' to '/home/ec2-user/.ansible/collections/ansible_collections/amazon/aws'
2023-05-28 00:48:59,558 p=3859 u=ec2-user n=ansible | -
2023-05-28 00:48:59,660 p=3859 u=ec2-user n=ansible | \
2023-05-28 00:48:59,761 p=3859 u=ec2-user n=ansible | |
2023-05-28 00:48:59,863 p=3859 u=ec2-user n=ansible | /
2023-05-28 00:48:59,964 p=3859 u=ec2-user n=ansible | -
2023-05-28 00:49:00,066 p=3859 u=ec2-user n=ansible | \
2023-05-28 00:49:00,167 p=3859 u=ec2-user n=ansible | |
2023-05-28 00:49:00,269 p=3859 u=ec2-user n=ansible | /
2023-05-28 00:49:00,370 p=3859 u=ec2-user n=ansible | amazon.aws:6.0.1 was installed successfully
2023-05-28 01:15:16,000 p=5466 u=ec2-user n=ansible | {
    "_meta": {
        "hostvars": {
            "3.238.93.224": {
                "ansible_ssh_private_key_file": "/home/ec2-user/keypair.pem"
            },
            "44.203.98.2": {
                "ansible_ssh_private_key_file": "/home/ec2-user/keypair.pem"
            }
        }
    },
    "all": {
        "children": [
            "devserver",
            "qaserver",
            "ungrouped"
        ]
    },
    "devserver": {
        "hosts": [
            "44.203.98.2"
        ]
    },
    "qaserver": {
        "hosts": [
            "3.238.93.224"
        ]
    }
}
2023-05-28 01:16:12,234 p=5547 u=ec2-user n=ansible | @all:
  |--@devserver:
  |  |--44.203.98.2
  |--@qaserver:
  |  |--3.238.93.224
  |--@ungrouped:
2023-05-28 01:18:35,506 p=5605 u=ec2-user n=ansible | [WARNING]: Could not match supplied host pattern, ignoring: dev

2023-05-28 01:18:35,507 p=5605 u=ec2-user n=ansible | [WARNING]: No hosts matched, nothing to do

2023-05-28 01:25:55,931 p=5670 u=ec2-user n=ansible | [WARNING]: Could not match supplied host pattern, ignoring: dev

2023-05-28 01:25:55,934 p=5670 u=ec2-user n=ansible | [WARNING]: No hosts matched, nothing to do

2023-05-28 01:26:45,359 p=5708 u=ec2-user n=ansible | [WARNING]: Could not match supplied host pattern, ignoring: dev

2023-05-28 01:26:45,359 p=5708 u=ec2-user n=ansible | [WARNING]: No hosts matched, nothing to do

2023-05-28 01:27:08,629 p=5761 u=ec2-user n=ansible | [WARNING]: Could not match supplied host pattern, ignoring: dev

2023-05-28 01:27:08,630 p=5761 u=ec2-user n=ansible | [WARNING]: No hosts matched, nothing to do

2023-05-28 01:27:25,648 p=5798 u=ec2-user n=ansible | [WARNING]: Could not match supplied host pattern, ignoring: qa

2023-05-28 01:27:25,648 p=5798 u=ec2-user n=ansible | [WARNING]: No hosts matched, nothing to do

2023-05-28 01:27:52,244 p=5845 u=ec2-user n=ansible | [WARNING]: Could not match supplied host pattern, ignoring: qa

2023-05-28 01:27:52,244 p=5845 u=ec2-user n=ansible | [WARNING]: No hosts matched, nothing to do

